Step 1: Building player list...
  Season 20232024:
    ERROR UTA 20232024: 404 Client Error: Not Found for url: https://api-web.nhle.com/v1/roster/UTA/20232024
    Unique players so far: 584
  Season 20242025:
    ERROR ARI 20242025: 404 Client Error: Not Found for url: https://api-web.nhle.com/v1/roster/ARI/20242025
    Unique players so far: 849
  Season 20252026:
    ERROR ARI 20252026: 404 Client Error: Not Found for url: https://api-web.nhle.com/v1/roster/ARI/20252026
    Unique players so far: 951

Total unique skaters found: 951

Step 2: Fetching game logs...
  0/951 players fetched...
  50/951 players fetched...
  100/951 players fetched...
  150/951 players fetched...
  200/951 players fetched...
  250/951 players fetched...
  300/951 players fetched...
  350/951 players fetched...
  400/951 players fetched...
  450/951 players fetched...
  500/951 players fetched...
  550/951 players fetched...
  600/951 players fetched...
  650/951 players fetched...
  700/951 players fetched...
  750/951 players fetched...
  800/951 players fetched...
  850/951 players fetched...
  900/951 players fetched...
  950/951 players fetched...

Done! 339853 rows saved to /Users/brudnerbot/nhl-props/data/raw/game_logs/player_game_logs.csv
