Games to process: 2,448
New games to fetch: 2,448
  [0/2448] 2024020001 (2024-10-04 BUF vs NJD)...
  [50/2448] 2024020056 (2024-10-15 EDM vs PHI)...
  [100/2448] 2024020106 (2024-10-22 SEA vs COL)...
  [150/2448] 2024020148 (2024-10-29 BOS vs PHI)...
    Checkpoint: 7,999 rows
  [200/2448] 2024020200 (2024-11-05 MIN vs LAK)...
  [250/2448] 2024020254 (2024-11-13 UTA vs CAR)...
  [300/2448] 2024020304 (2024-11-20 SEA vs NSH)...
  [350/2448] 2024020358 (2024-11-27 COL vs VGK)...
    Checkpoint: 15,999 rows
  [400/2448] 2024020403 (2024-12-03 WPG vs STL)...
  [450/2448] 2024020453 (2024-12-10 EDM vs TBL)...
  [500/2448] 2024020500 (2024-12-17 CAR vs NYI)...
  [550/2448] 2024020555 (2024-12-23 VAN vs SJS)...
    Checkpoint: 23,999 rows
  [600/2448] 2024020602 (2025-01-01 LAK vs NJD)...
  [650/2448] 2024020652 (2025-01-08 UTA vs FLA)...
  [700/2448] 2024020702 (2025-01-14 WPG vs VAN)...
  [750/2448] 2024020751 (2025-01-21 PHI vs DET)...
    Checkpoint: 31,999 rows
  [800/2448] 2024020800 (2025-01-28 MTL vs WPG)...
  [850/2448] 2024020854 (2025-02-04 UTA vs PHI)...
  [900/2448] 2024020902 (2025-02-22 CBJ vs CHI)...
  [950/2448] 2024020954 (2025-03-01 OTT vs SJS)...
    Checkpoint: 39,998 rows
  [1000/2448] 2024021002 (2025-03-07 ANA vs STL)...
  [1050/2448] 2024021053 (2025-03-14 ANA vs NSH)...
  [1100/2448] 2024021100 (2025-03-20 UTA vs BUF)...
  [1150/2448] 2024021149 (2025-03-27 COL vs LAK)...
    Checkpoint: 47,998 rows
  [1200/2448] 2024021197 (2025-04-03 MTL vs BOS)...
  [1250/2448] 2024021256 (2025-04-10 COL vs VAN)...
  [1300/2448] 2024021302 (2025-04-16 WPG vs ANA)...
  [1350/2448] 2025020041 (2025-10-13 OTT vs NSH)...
    Checkpoint: 52,436 rows
  [1400/2448] 2025020092 (2025-10-19 UTA vs BOS)...
  [1450/2448] 2025020134 (2025-10-25 PIT vs CBJ)...
  [1500/2448] 2025020181 (2025-11-01 BOS vs CAR)...
  [1550/2448] 2025020240 (2025-11-08 EDM vs COL)...
    Checkpoint: 55,356 rows
  [1600/2448] 2025020289 (2025-11-15 CAR vs EDM)...
  [1650/2448] 2025020335 (2025-11-22 DET vs CBJ)...
  [1700/2448] 2025020386 (2025-11-28 WSH vs TOR)...
  [1750/2448] 2025020440 (2025-12-05 ANA vs WSH)...
    Checkpoint: 58,916 rows
  [1800/2448] 2025020491 (2025-12-11 EDM vs DET)...
  [1850/2448] 2025020543 (2025-12-18 SJS vs DAL)...
  [1900/2448] 2025020598 (2025-12-27 CGY vs EDM)...
  [1950/2448] 2025020634 (2026-01-01 TOR vs WPG)...
    Checkpoint: 64,992 rows
  [2000/2448] 2025020689 (2026-01-08 NSH vs NYI)...
  [2050/2448] 2025020746 (2026-01-15 UTA vs DAL)...
  [2100/2448] 2025020789 (2026-01-21 COL vs ANA)...
  [2150/2448] 2025020841 (2026-01-28 OTT vs COL)...
    Checkpoint: 68,032 rows
  [2200/2448] 2025020892 (2026-02-03 ANA vs SEA)...
  [2250/2448] 2025020943 (2026-02-28 STL vs NJD)...
  [2300/2448] 2025020994 (2026-03-07 TOR vs TBL)...
  [2350/2448] 2025021040 (2026-03-12 SEA vs COL)...
    Checkpoint: 74,032 rows
  [2400/2448] 2025021090 (2026-03-19 VAN vs TBL)...

Done! 75,952 rows | Columns: ['game_id', 'season', 'date', 'player_id', 'name', 'position', 'team', 'opponent', 'is_home', 'toi_total', 'toi_ev', 'toi_pp', 'toi_sh', 'toi_en', 'ev_shots', 'pp_shots', 'sh_shots', 'ev_missed_shots', 'pp_missed_shots', 'sh_missed_shots', 'ev_shots_blocked_by_opp', 'pp_shots_blocked_by_opp', 'sh_shots_blocked_by_opp', 'ev_shot_attempts', 'pp_shot_attempts', 'sh_shot_attempts', 'ev_goals', 'pp_goals', 'sh_goals', 'ev_assists', 'pp_assists', 'sh_assists', 'ev_onice_sf', 'ev_onice_sa', 'pp_onice_sf', 'pp_onice_sa', 'sh_onice_sf', 'sh_onice_sa', 'ev_onice_gf', 'ev_onice_ga', 'pp_onice_gf', 'pp_onice_ga', 'sh_onice_gf', 'sh_onice_ga', 'hits', 'blocks', 'faceoffs_won', 'faceoffs_taken', 'giveaways', 'takeaways']
