Games to process: 4,804
Already processed: 1,898 games
New games to fetch: 4,804
  [0/4804] 2020020002 (2021-01-13 TBL vs CHI)...
  [50/4804] 2020020056 (2021-01-20 TOR vs EDM)...
  [100/4804] 2020020118 (2021-01-28 MIN vs LAK)...
  [150/4804] 2020020164 (2021-02-04 NYR vs WSH)...
    Checkpoint: 83,951 rows
  [200/4804] 2020020239 (2021-02-13 ARI vs STL)...
  [250/4804] 2020020283 (2021-02-20 STL vs SJS)...
  [300/4804] 2020020327 (2021-02-27 NJD vs WSH)...
  [350/4804] 2020020379 (2021-03-05 LAK vs STL)...
    Checkpoint: 91,953 rows
  [400/4804] 2020020424 (2021-03-11 DAL vs CHI)...
  [450/4804] 2020020471 (2021-03-18 TBL vs CHI)...
  [500/4804] 2020020519 (2021-03-25 CHI vs FLA)...
  [550/4804] 2020020575 (2021-04-01 FLA vs DET)...
    Checkpoint: 99,950 rows
  [600/4804] 2020020624 (2021-04-07 LAK vs ARI)...
  [650/4804] 2020020182 (2021-04-14 STL vs COL)...
  [700/4804] 2020020728 (2021-04-21 VGK vs SJS)...
  [750/4804] 2020020775 (2021-04-28 MTL vs TOR)...
    Checkpoint: 107,946 rows
  [800/4804] 2020020020 (2021-05-03 FLA vs DAL)...
  [850/4804] 2020020602 (2021-05-10 WPG vs VAN)...
  [900/4804] 2021020033 (2021-10-16 SJS vs WPG)...
  [950/4804] 2021020084 (2021-10-25 OTT vs WSH)...
    Checkpoint: 115,936 rows
  [1000/4804] 2021020134 (2021-11-01 EDM vs SEA)...
  [1050/4804] 2021020182 (2021-11-09 BOS vs OTT)...
  [1100/4804] 2021020237 (2021-11-16 PIT vs BUF)...
  [1150/4804] 2021020284 (2021-11-22 WPG vs PIT)...
    Checkpoint: 123,938 rows
  [1200/4804] 2021020344 (2021-11-30 MIN vs ARI)...
  [1250/4804] 2021020234 (2021-12-06 NJD vs OTT)...
  [1300/4804] 2021020449 (2021-12-14 VAN vs CBJ)...
  [1350/4804] 2021020555 (2021-12-30 CBJ vs NSH)...
    Checkpoint: 131,924 rows
  [1400/4804] 2021020618 (2022-01-08 CBJ vs NJD)...
  [1450/4804] 2021020671 (2022-01-15 PHI vs NYR)...
  [1500/4804] 2021020724 (2022-01-22 NJD vs CAR)...
  [1550/4804] 2021020775 (2022-01-29 TBL vs VGK)...
    Checkpoint: 139,922 rows
  [1600/4804] 2021020529 (2022-02-10 STL vs NJD)...
  [1650/4804] 2021020518 (2022-02-19 CGY vs SEA)...
  [1700/4804] 2021020834 (2022-02-26 NSH vs TBL)...
  [1750/4804] 2021020887 (2022-03-05 EDM vs MTL)...
    Checkpoint: 147,922 rows
  [1800/4804] 2021020932 (2022-03-12 BOS vs ARI)...
  [1850/4804] 2021020993 (2022-03-19 SEA vs DET)...
  [1900/4804] 2021021044 (2022-03-26 LAK vs SEA)...
  [1950/4804] 2021021089 (2022-04-01 SEA vs VGK)...
    Checkpoint: 155,921 rows
  [2000/4804] 2021020512 (2022-04-07 NJD vs MTL)...
  [2050/4804] 2021021189 (2022-04-14 DAL vs MIN)...
  [2100/4804] 2021021241 (2022-04-21 CGY vs DAL)...
  [2150/4804] 2021021287 (2022-04-27 DAL vs ARI)...
    Checkpoint: 163,921 rows
  [2200/4804] 2022020022 (2022-10-14 DET vs MTL)...
  [2250/4804] 2022020073 (2022-10-21 COL vs SEA)...
  [2300/4804] 2022020125 (2022-10-28 VAN vs PIT)...
  [2350/4804] 2022020164 (2022-11-03 DET vs WSH)...
    Checkpoint: 171,921 rows
  [2400/4804] 2022020222 (2022-11-11 WSH vs TBL)...
  [2450/4804] 2022020266 (2022-11-17 WPG vs ANA)...
  [2500/4804] 2022020326 (2022-11-25 CBJ vs NYI)...
  [2550/4804] 2022020370 (2022-12-01 MIN vs EDM)...
    Checkpoint: 179,918 rows
  [2600/4804] 2022020419 (2022-12-08 FLA vs DET)...
  [2650/4804] 2022020470 (2022-12-15 TBL vs CBJ)...
  [2700/4804] 2022020520 (2022-12-21 COL vs MTL)...
  [2750/4804] 2022020575 (2022-12-30 CAR vs FLA)...
    Checkpoint: 187,917 rows
  [2800/4804] 2022020625 (2023-01-06 CHI vs ARI)...
  [2850/4804] 2022020674 (2023-01-13 PIT vs WPG)...
  [2900/4804] 2022020725 (2023-01-19 EDM vs TBL)...
  [2950/4804] 2022020779 (2023-01-26 ARI vs STL)...
    Checkpoint: 195,916 rows
  [3000/4804] 2022020824 (2023-02-09 NJD vs SEA)...
  [3050/4804] 2022020872 (2023-02-16 CBJ vs WPG)...
  [3100/4804] 2022020927 (2023-02-23 SEA vs BOS)...
  [3150/4804] 2022020970 (2023-03-01 DAL vs ARI)...
    Checkpoint: 203,909 rows
  [3200/4804] 2022021024 (2023-03-08 VAN vs ANA)...
  [3250/4804] 2022021072 (2023-03-14 ARI vs CGY)...
  [3300/4804] 2022021130 (2023-03-21 DAL vs SEA)...
  [3350/4804] 2022021175 (2023-03-27 ARI vs EDM)...
    Checkpoint: 211,908 rows
  [3400/4804] 2022021221 (2023-04-02 PIT vs PHI)...
  [3450/4804] 2022021273 (2023-04-09 PHI vs BOS)...
  [3500/4804] 2023020006 (2023-10-11 BOS vs CHI)...
  [3550/4804] 2023020051 (2023-10-19 BUF vs CGY)...
    Checkpoint: 219,898 rows
  [3600/4804] 2023020109 (2023-10-26 CGY vs STL)...
  [3650/4804] 2023020163 (2023-11-04 PHI vs LAK)...
  [3700/4804] 2023020208 (2023-11-10 ANA vs PHI)...
  [3750/4804] 2023020254 (2023-11-18 OTT vs MIN)...
    Checkpoint: 227,897 rows
  [3800/4804] 2023020309 (2023-11-25 LAK vs MTL)...
  [3850/4804] 2023020367 (2023-12-02 CGY vs VAN)...
  [3900/4804] 2023020409 (2023-12-09 CGY vs NJD)...
  [3950/4804] 2023020457 (2023-12-15 NYI vs BOS)...
    Checkpoint: 235,897 rows
  [4000/4804] 2023020506 (2023-12-21 MIN vs MTL)...
  [4050/4804] 2023020562 (2023-12-30 WSH vs NSH)...
  [4100/4804] 2023020613 (2024-01-06 SJS vs TOR)...
  [4150/4804] 2023020663 (2024-01-13 WPG vs PHI)...
    Checkpoint: 243,897 rows
  [4200/4804] 2023020717 (2024-01-20 LAK vs NYR)...
  [4250/4804] 2023020759 (2024-01-27 PHI vs BOS)...
  [4300/4804] 2023020806 (2024-02-10 MTL vs DAL)...
  [4350/4804] 2023020858 (2024-02-17 TOR vs ANA)...
    Checkpoint: 251,895 rows
  [4400/4804] 2023020912 (2024-02-24 EDM vs CGY)...
  [4450/4804] 2023020956 (2024-03-02 CAR vs WPG)...
  [4500/4804] 2023021010 (2024-03-09 CBJ vs NSH)...
  [4550/4804] 2023021063 (2024-03-16 FLA vs TBL)...
    Checkpoint: 259,894 rows
  [4600/4804] 2023021111 (2024-03-22 COL vs CBJ)...
  [4650/4804] 2023021156 (2024-03-28 MIN vs SJS)...
  [4700/4804] 2023021205 (2024-04-04 OTT vs FLA)...
  [4750/4804] 2023021258 (2024-04-11 PIT vs DET)...
    Checkpoint: 267,892 rows
  [4800/4804] 2023021309 (2024-04-18 CGY vs SJS)...

Done! 268,051 rows | Columns: ['game_id', 'season', 'date', 'player_id', 'name', 'position', 'team', 'opponent', 'is_home', 'toi_total', 'toi_ev', 'toi_pp', 'toi_sh', 'toi_en', 'ev_shots', 'pp_shots', 'sh_shots', 'ev_missed_shots', 'pp_missed_shots', 'sh_missed_shots', 'ev_shots_blocked_by_opp', 'pp_shots_blocked_by_opp', 'sh_shots_blocked_by_opp', 'ev_shot_attempts', 'pp_shot_attempts', 'sh_shot_attempts', 'ev_goals', 'pp_goals', 'sh_goals', 'ev_assists', 'pp_assists', 'sh_assists', 'ev_onice_sf', 'ev_onice_sa', 'pp_onice_sf', 'pp_onice_sa', 'sh_onice_sf', 'sh_onice_sa', 'ev_onice_gf', 'ev_onice_ga', 'pp_onice_gf', 'pp_onice_ga', 'sh_onice_gf', 'sh_onice_ga', 'hits', 'blocks', 'faceoffs_won', 'faceoffs_taken', 'giveaways', 'takeaways']
