Games to process: 7,252
New games to fetch: 7,252
  [0/7252] 2020020002 (2021-01-13 TBL vs CHI)...
  [50/7252] 2020020055 (2021-01-20 STL vs SJS)...
  [100/7252] 2020020112 (2021-01-28 WSH vs NYI)...
  [150/7252] 2020020170 (2021-02-04 MTL vs OTT)...
    Checkpoint: 7,999 rows
  [200/7252] 2020020239 (2021-02-13 ARI vs STL)...
  [250/7252] 2020020543 (2021-02-20 CAR vs TBL)...
  [300/7252] 2020020334 (2021-02-27 WPG vs MTL)...
  [350/7252] 2020020378 (2021-03-05 ARI vs MIN)...
    Checkpoint: 16,001 rows
  [400/7252] 2020020421 (2021-03-11 DET vs TBL)...
  [450/7252] 2020020473 (2021-03-18 DET vs DAL)...
  [500/7252] 2020020516 (2021-03-25 PHI vs NYR)...
  [550/7252] 2020020578 (2021-04-01 OTT vs MTL)...
    Checkpoint: 23,998 rows
  [600/7252] 2020020624 (2021-04-07 LAK vs ARI)...
  [650/7252] 2020020674 (2021-04-14 LAK vs VGK)...
  [700/7252] 2020020728 (2021-04-21 VGK vs SJS)...
  [750/7252] 2020020780 (2021-04-28 LAK vs ANA)...
    Checkpoint: 31,994 rows
  [800/7252] 2020020813 (2021-05-03 NJD vs BOS)...
  [850/7252] 2020020841 (2021-05-10 FLA vs TBL)...
  [900/7252] 2021020032 (2021-10-16 LAK vs MIN)...
  [950/7252] 2021020088 (2021-10-25 CBJ vs DAL)...
    Checkpoint: 39,984 rows
  [1000/7252] 2021020132 (2021-11-01 TBL vs WSH)...
  [1050/7252] 2021020182 (2021-11-09 BOS vs OTT)...
  [1100/7252] 2021020242 (2021-11-16 VGK vs CAR)...
  [1150/7252] 2021020286 (2021-11-22 SJS vs CAR)...
    Checkpoint: 47,986 rows
  [1200/7252] 2021020341 (2021-11-30 STL vs TBL)...
  [1250/7252] 2021020234 (2021-12-06 NJD vs OTT)...
  [1300/7252] 2021020444 (2021-12-14 DAL vs STL)...
  [1350/7252] 2021020554 (2021-12-30 CAR vs MTL)...
    Checkpoint: 55,972 rows
  [1400/7252] 2021020626 (2022-01-08 VGK vs CHI)...
  [1450/7252] 2021020672 (2022-01-15 CAR vs VAN)...
  [1500/7252] 2021021211 (2022-01-22 NYI vs TOR)...
  [1550/7252] 2021020776 (2022-01-29 FLA vs SJS)...
    Checkpoint: 63,970 rows
  [1600/7252] 2021020462 (2022-02-10 CGY vs TOR)...
  [1650/7252] 2021020481 (2022-02-19 OTT vs BOS)...
  [1700/7252] 2021020837 (2022-02-26 LAK vs NYI)...
  [1750/7252] 2021020888 (2022-03-05 ARI vs OTT)...
    Checkpoint: 71,970 rows
  [1800/7252] 2021020939 (2022-03-12 CGY vs DET)...
  [1850/7252] 2021020983 (2022-03-19 MTL vs OTT)...
  [1900/7252] 2021021043 (2022-03-26 VGK vs CHI)...
  [1950/7252] 2021021083 (2022-04-01 BUF vs NSH)...
    Checkpoint: 79,969 rows
  [2000/7252] 2021021136 (2022-04-07 SJS vs CGY)...
  [2050/7252] 2021021181 (2022-04-14 BOS vs OTT)...
  [2100/7252] 2021021241 (2022-04-21 CGY vs DAL)...
  [2150/7252] 2021021289 (2022-04-27 SEA vs LAK)...
    Checkpoint: 87,969 rows
  [2200/7252] 2022020024 (2022-10-14 SJS vs CAR)...
  [2250/7252] 2022020072 (2022-10-21 CHI vs DET)...
  [2300/7252] 2022020122 (2022-10-28 CBJ vs BOS)...
  [2350/7252] 2022020165 (2022-11-03 WPG vs MTL)...
    Checkpoint: 95,969 rows
  [2400/7252] 2022020221 (2022-11-11 TOR vs PIT)...
  [2450/7252] 2022020264 (2022-11-17 TOR vs NJD)...
  [2500/7252] 2022020318 (2022-11-25 BOS vs CAR)...
  [2550/7252] 2022020370 (2022-12-01 MIN vs EDM)...
    Checkpoint: 103,966 rows
  [2600/7252] 2022020420 (2022-12-08 TOR vs LAK)...
  [2650/7252] 2022020478 (2022-12-15 CHI vs VGK)...
  [2700/7252] 2022020518 (2022-12-21 FLA vs NJD)...
  [2750/7252] 2022020576 (2022-12-30 PIT vs NJD)...
    Checkpoint: 111,965 rows
  [2800/7252] 2022020626 (2023-01-06 CGY vs NYI)...
  [2850/7252] 2022020675 (2023-01-13 ANA vs NJD)...
  [2900/7252] 2022020721 (2023-01-19 CAR vs MIN)...
  [2950/7252] 2022020775 (2023-01-26 NSH vs NJD)...
    Checkpoint: 119,964 rows
  [3000/7252] 2022020823 (2023-02-09 FLA vs SJS)...
  [3050/7252] 2022020872 (2023-02-16 CBJ vs WPG)...
  [3100/7252] 2022020924 (2023-02-23 CBJ vs MIN)...
  [3150/7252] 2022020969 (2023-03-01 EDM vs TOR)...
    Checkpoint: 127,957 rows
  [3200/7252] 2022021024 (2023-03-08 VAN vs ANA)...
  [3250/7252] 2022021070 (2023-03-14 CHI vs BOS)...
  [3300/7252] 2022021121 (2023-03-21 WSH vs CBJ)...
  [3350/7252] 2022021173 (2023-03-27 MIN vs SEA)...
    Checkpoint: 135,956 rows
  [3400/7252] 2022021217 (2023-04-02 WSH vs NYR)...
  [3450/7252] 2022021274 (2023-04-09 ANA vs COL)...
  [3500/7252] 2023020004 (2023-10-11 CAR vs OTT)...
  [3550/7252] 2023020058 (2023-10-19 WPG vs VGK)...
    Checkpoint: 143,946 rows
  [3600/7252] 2023020108 (2023-10-26 DAL vs TOR)...
  [3650/7252] 2023020172 (2023-11-04 VAN vs DAL)...
  [3700/7252] 2023020206 (2023-11-10 NJD vs WSH)...
  [3750/7252] 2023020263 (2023-11-18 WSH vs CBJ)...
    Checkpoint: 151,945 rows
  [3800/7252] 2023020308 (2023-11-25 NYR vs BOS)...
  [3850/7252] 2023020359 (2023-12-02 FLA vs NYI)...
  [3900/7252] 2023020419 (2023-12-09 VAN vs CAR)...
  [3950/7252] 2023020460 (2023-12-15 VGK vs BUF)...
    Checkpoint: 159,945 rows
  [4000/7252] 2023020504 (2023-12-21 TBL vs VGK)...
  [4050/7252] 2023020562 (2023-12-30 WSH vs NSH)...
  [4100/7252] 2023020607 (2024-01-06 BOS vs TBL)...
  [4150/7252] 2023020665 (2024-01-13 MIN vs ARI)...
    Checkpoint: 167,945 rows
  [4200/7252] 2023020713 (2024-01-20 STL vs WSH)...
  [4250/7252] 2023020769 (2024-01-27 NYI vs FLA)...
  [4300/7252] 2023020811 (2024-02-10 CBJ vs TBL)...
  [4350/7252] 2023020850 (2024-02-17 DAL vs EDM)...
    Checkpoint: 175,943 rows
  [4400/7252] 2023020905 (2024-02-24 PHI vs NYR)...
  [4450/7252] 2023020966 (2024-03-02 DAL vs SJS)...
  [4500/7252] 2023021021 (2024-03-09 LAK vs DAL)...
  [4550/7252] 2023021062 (2024-03-16 ARI vs NJD)...
    Checkpoint: 183,942 rows
  [4600/7252] 2023021110 (2024-03-22 DAL vs PIT)...
  [4650/7252] 2023021162 (2024-03-28 SEA vs ANA)...
  [4700/7252] 2023021210 (2024-04-04 SJS vs LAK)...
  [4750/7252] 2023021264 (2024-04-11 LAK vs CGY)...
    Checkpoint: 191,940 rows
  [4800/7252] 2023021311 (2024-04-18 VGK vs ANA)...
  [4850/7252] 2024020052 (2024-10-15 STL vs MIN)...
  [4900/7252] 2024020094 (2024-10-22 NJD vs TBL)...
  [4950/7252] 2024020150 (2024-10-29 OTT vs STL)...
    Checkpoint: 199,938 rows
  [5000/7252] 2024020199 (2024-11-05 STL vs TBL)...
    Boxscore error 2024020234: HTTPSConnectionPool(host='api-web.nhle.com', port=443): Read timed out. (read timeout=20)
  [5050/7252] 2024020248 (2024-11-12 STL vs BOS)...
  [5100/7252] 2024020297 (2024-11-19 WPG vs FLA)...
  [5150/7252] 2024020348 (2024-11-27 NJD vs STL)...
    Boxscore error 2024020350: HTTPSConnectionPool(host='api-web.nhle.com', port=443): Read timed out. (read timeout=20)
    Shifts error 2024020373: HTTPSConnectionPool(host='api.nhle.com', port=443): Read timed out. (read timeout=20)
    Checkpoint: 207,898 rows
  [5200/7252] 2024020403 (2024-12-03 WPG vs STL)...
  [5250/7252] 2024020446 (2024-12-10 NJD vs TOR)...
  [5300/7252] 2024020501 (2024-12-17 STL vs NJD)...
  [5350/7252] 2024020557 (2024-12-23 VGK vs ANA)...
    Checkpoint: 215,898 rows
  [5400/7252] 2024020596 (2024-12-31 MIN vs NSH)...
    PBP error 2024020609: HTTPSConnectionPool(host='api-web.nhle.com', port=443): Read timed out. (read timeout=20)
  [5450/7252] 2024020646 (2025-01-07 MIN vs STL)...
  [5500/7252] 2024020700 (2025-01-14 STL vs CGY)...
  [5550/7252] 2024020746 (2025-01-20 CHI vs CAR)...
    Checkpoint: 223,858 rows
  [5600/7252] 2024020795 (2025-01-27 PHI vs NJD)...
  [5650/7252] 2024020848 (2025-02-04 PIT vs NJD)...
    PBP error 2024020873: HTTPSConnectionPool(host='api-web.nhle.com', port=443): Read timed out. (read timeout=20)
  [5700/7252] 2024020898 (2025-02-22 NSH vs COL)...
  [5750/7252] 2024020959 (2025-03-01 ANA vs CHI)...
    Boxscore error 2024020970: HTTPSConnectionPool(host='api-web.nhle.com', port=443): Read timed out. (read timeout=20)
    Checkpoint: 231,817 rows
  [5800/7252] 2024021002 (2025-03-07 ANA vs STL)...
  [5850/7252] 2024021043 (2025-03-13 PHI vs TBL)...
    PBP error 2024021073: HTTPSConnectionPool(host='api-web.nhle.com', port=443): Read timed out. (read timeout=20)
    Boxscore error 2024021095: HTTPSConnectionPool(host='api-web.nhle.com', port=443): Read timed out. (read timeout=20)
  [5900/7252] 2024021089 (2025-03-20 OTT vs COL)...
  [5950/7252] 2024021152 (2025-03-27 SJS vs TOR)...
    Checkpoint: 239,777 rows
  [6000/7252] 2024021199 (2025-04-03 CBJ vs COL)...
  [6050/7252] 2024021247 (2025-04-09 MIN vs SJS)...
  [6100/7252] 2024021296 (2025-04-15 NYI vs WSH)...
  [6150/7252] 2025020031 (2025-10-11 CHI vs MTL)...
    Checkpoint: 244,375 rows
  [6200/7252] 2025020086 (2025-10-18 LAK vs CAR)...
  [6250/7252] 2025020127 (2025-10-25 PHI vs NYI)...
    PBP error 2025020141: HTTPSConnectionPool(host='api-web.nhle.com', port=443): Read timed out. (read timeout=20)
  [6300/7252] 2025020191 (2025-11-01 LAK vs NJD)...
  [6350/7252] 2025020239 (2025-11-08 STL vs SEA)...
    Checkpoint: 247,135 rows
  [6400/7252] 2025020285 (2025-11-15 MTL vs BOS)...
  [6450/7252] 2025020339 (2025-11-22 PHI vs NJD)...
  [6500/7252] 2025020387 (2025-11-28 CAR vs WPG)...
  [6550/7252] 2025020431 (2025-12-04 CAR vs TOR)...
    Checkpoint: 250,695 rows
  [6600/7252] 2025020489 (2025-12-11 WPG vs BOS)...
  [6650/7252] 2025020536 (2025-12-18 MTL vs CHI)...
  [6700/7252] 2025020585 (2025-12-23 EDM vs CGY)...
  [6750/7252] 2025020634 (2026-01-01 TOR vs WPG)...
    Checkpoint: 256,931 rows
  [6800/7252] 2025020684 (2026-01-08 DET vs VAN)...
  [6850/7252] 2025020736 (2026-01-14 BUF vs PHI)...
  [6900/7252] 2025020785 (2026-01-20 WPG vs STL)...
    Boxscore error 2025020809: HTTPSConnectionPool(host='api-web.nhle.com', port=443): Read timed out. (read timeout=20)
  [6950/7252] 2025020836 (2026-01-27 STL vs DAL)...
    Checkpoint: 259,811 rows
  [7000/7252] 2025020888 (2026-02-03 NYI vs PIT)...
    Shifts error 2025020916: ('Connection aborted.', ConnectionResetError(54, 'Connection reset by peer'))
  [7050/7252] 2025020935 (2026-02-28 PHI vs BOS)...
  [7100/7252] 2025020984 (2026-03-06 DAL vs COL)...
  [7150/7252] 2025021040 (2026-03-12 SEA vs COL)...
    PBP error 2025021045: ('Connection aborted.', ConnectionResetError(54, 'Connection reset by peer'))
    Checkpoint: 265,771 rows
  [7200/7252] 2025021090 (2026-03-19 VAN vs TBL)...
    Boxscore error 2025021094: HTTPSConnectionPool(host='api-web.nhle.com', port=443): Read timed out. (read timeout=20)
  [7250/7252] 2025021136 (2026-03-25 TOR vs NYR)...

Done! 267,851 rows | Columns: ['game_id', 'season', 'date', 'player_id', 'name', 'position', 'team', 'opponent', 'is_home', 'toi_total', 'toi_ev', 'toi_pp', 'toi_sh', 'toi_en', 'ev_shots', 'pp_shots', 'sh_shots', 'ev_missed_shots', 'pp_missed_shots', 'sh_missed_shots', 'ev_shots_blocked_by_opp', 'pp_shots_blocked_by_opp', 'sh_shots_blocked_by_opp', 'ev_shot_attempts', 'pp_shot_attempts', 'sh_shot_attempts', 'ev_goals', 'pp_goals', 'sh_goals', 'ev_assists', 'pp_assists', 'sh_assists', 'ev_onice_sf', 'ev_onice_sa', 'pp_onice_sf', 'pp_onice_sa', 'sh_onice_sf', 'sh_onice_sa', 'ev_onice_gf', 'ev_onice_ga', 'pp_onice_gf', 'pp_onice_ga', 'sh_onice_gf', 'sh_onice_ga', 'hits', 'blocks', 'faceoffs_won', 'faceoffs_taken', 'giveaways', 'takeaways']
