Step 1: Collecting game IDs...
  Season 20152016:
    Total unique games so far: 1230
  Season 20162017:
    Total unique games so far: 2460
  Season 20172018:
    Total unique games so far: 3731
  Season 20182019:
    Total unique games so far: 5002
  Season 20192020:
    Total unique games so far: 6084
  Season 20202021:
    Total unique games so far: 6952
  Season 20212022:
    Total unique games so far: 8264
  Season 20222023:
    Total unique games so far: 9576
  Season 20232024:
    Total unique games so far: 10888
  Season 20242025:
    Total unique games so far: 12200
  Season 20252026:
    Total unique games so far: 13370

Total unique games to fetch: 13370
Already fetched: 5,102 games
New games to fetch: 8,268

Step 2: Fetching play-by-play and extracting shots...
  0/8268 games processed...
  100/8268 games processed...
  200/8268 games processed...
  300/8268 games processed...
  400/8268 games processed...
    Checkpoint: 662,282 total shots saved
  500/8268 games processed...
  600/8268 games processed...
  700/8268 games processed...
  800/8268 games processed...
  900/8268 games processed...
    Checkpoint: 718,767 total shots saved
  1000/8268 games processed...
  1100/8268 games processed...
  1200/8268 games processed...
  1300/8268 games processed...
  1400/8268 games processed...
    Checkpoint: 774,750 total shots saved
  1500/8268 games processed...
  1600/8268 games processed...
  1700/8268 games processed...
  1800/8268 games processed...
  1900/8268 games processed...
    Checkpoint: 831,291 total shots saved
  2000/8268 games processed...
  2100/8268 games processed...
  2200/8268 games processed...
  2300/8268 games processed...
  2400/8268 games processed...
    Checkpoint: 888,306 total shots saved
  2500/8268 games processed...
  2600/8268 games processed...
  2700/8268 games processed...
  2800/8268 games processed...
  2900/8268 games processed...
    Checkpoint: 946,999 total shots saved
  3000/8268 games processed...
  3100/8268 games processed...
  3200/8268 games processed...
  3300/8268 games processed...
  3400/8268 games processed...
    Checkpoint: 1,006,754 total shots saved
  3500/8268 games processed...
  3600/8268 games processed...
  3700/8268 games processed...
  3800/8268 games processed...
  3900/8268 games processed...
    Checkpoint: 1,065,453 total shots saved
  4000/8268 games processed...
  4100/8268 games processed...
  4200/8268 games processed...
  4300/8268 games processed...
  4400/8268 games processed...
    Checkpoint: 1,122,781 total shots saved
  4500/8268 games processed...
  4600/8268 games processed...
  4700/8268 games processed...
  4800/8268 games processed...
  4900/8268 games processed...
    Checkpoint: 1,180,868 total shots saved
  5000/8268 games processed...
  5100/8268 games processed...
  5200/8268 games processed...
  5300/8268 games processed...
  5400/8268 games processed...
    Checkpoint: 1,237,726 total shots saved
  5500/8268 games processed...
  5600/8268 games processed...
  5700/8268 games processed...
  5800/8268 games processed...
  5900/8268 games processed...
    Checkpoint: 1,294,799 total shots saved
  6000/8268 games processed...
  6100/8268 games processed...
  ERROR game 2020020097: 502 Server Error: Bad Gateway for url: https://api-web.nhle.com/v1/gamecenter/2020020097/play-by-play
  6200/8268 games processed...
  6300/8268 games processed...
  6400/8268 games processed...
    Checkpoint: 1,349,821 total shots saved
  6500/8268 games processed...
  6600/8268 games processed...
  6700/8268 games processed...
  6800/8268 games processed...
  6900/8268 games processed...
    Checkpoint: 1,404,144 total shots saved
  7000/8268 games processed...
  7100/8268 games processed...
  7200/8268 games processed...
  7300/8268 games processed...
  7400/8268 games processed...
    Checkpoint: 1,460,583 total shots saved
  7500/8268 games processed...
  7600/8268 games processed...
  7700/8268 games processed...
  7800/8268 games processed...
  7900/8268 games processed...
    Checkpoint: 1,517,997 total shots saved
  8000/8268 games processed...
  8100/8268 games processed...
  8200/8268 games processed...

Done! 1,548,612 shots saved to /Users/brudnerbot/nhl-props/data/raw/shot_data/shot_data.csv
Seasons: [np.int64(20152016), np.int64(20162017), np.int64(20172018), np.int64(20182019), np.int64(20192020), np.int64(20202021), np.int64(20212022), np.int64(20222023), np.int64(20232024), np.int64(20242025), np.int64(20252026)]
